<?xml version="1.0" encoding="UTF-8"?>
<!-- Generated by org.testng.reporters.JUnitReportReporter -->
<testsuite hostname="SurLenovo" failures="0" tests="1" name="ds.algo.testcases.DsAlgoPortal" time="6.203" errors="0" timestamp="2022-09-16T12:54:21 PDT" skipped="0">
  <testcase classname="ds.algo.testcases.DsAlgoPortal" name="TestOpenPortal" time="6.203"/>
  <system-out/>
</testsuite> <!-- ds.algo.testcases.DsAlgoPortal -->
