<?xml version="1.0" encoding="UTF-8"?>
<!-- Generated by org.testng.reporters.JUnitReportReporter -->
<testsuite hostname="SurLenovo" failures="0" tests="29" name="ds.algo.testcases.TestTree" time="141.970" errors="0" timestamp="2022-09-16T12:57:12 PDT" skipped="0">
  <testcase classname="ds.algo.testcases.TestTree" name="TestClickGetTryHere" time="5.830"/>
  <system-out/>
  <testcase classname="ds.algo.testcases.TestTree" name="TestImplementationofBinaryTrees" time="4.235"/>
  <system-out/>
  <testcase classname="ds.algo.testcases.TestTree" name="TestImplementationOfBSTTryHere" time="5.984"/>
  <system-out/>
  <testcase classname="ds.algo.testcases.TestTree" name="TestImplementationOfBST" time="4.232"/>
  <system-out/>
  <testcase classname="ds.algo.testcases.TestTree" name="TestTreeStarted" time="3.860"/>
  <system-out/>
  <testcase classname="ds.algo.testcases.TestTree" name="TestTraversalsIllustrationTryHere" time="4.997"/>
  <system-out/>
  <testcase classname="ds.algo.testcases.TestTree" name="TestGetTabRun" time="4.393"/>
  <system-out/>
  <testcase classname="ds.algo.testcases.TestTree" name="TestTypesOfBinaryTrees" time="4.799"/>
  <system-out/>
  <testcase classname="ds.algo.testcases.TestTree" name="TestBinaryTreeTraversals" time="4.674"/>
  <system-out/>
  <testcase classname="ds.algo.testcases.TestTree" name="TestBinaryTreesTryHere" time="5.513"/>
  <system-out/>
  <testcase classname="ds.algo.testcases.TestTree" name="TestTypesOfTree" time="4.270"/>
  <system-out/>
  <testcase classname="ds.algo.testcases.TestTree" name="TestApplicationsofBinarytreesTryHere" time="8.112"/>
  <system-out/>
  <testcase classname="ds.algo.testcases.TestTree" name="TestBinarySearchTreesTryHere" time="5.027"/>
  <system-out/>
  <testcase classname="ds.algo.testcases.TestTree" name="TestOverview" time="4.247"/>
  <system-out/>
  <testcase classname="ds.algo.testcases.TestTree" name="TestApplicationsofBinarytrees" time="4.721"/>
  <system-out/>
  <testcase classname="ds.algo.testcases.TestTree" name="TestTraversalTryHere" time="4.933"/>
  <system-out/>
  <testcase classname="ds.algo.testcases.TestTree" name="TestTypesOfBinaryTreesTryHere" time="4.734"/>
  <system-out/>
  <testcase classname="ds.algo.testcases.TestTree" name="TestBinarySearchTrees" time="5.982"/>
  <system-out/>
  <testcase classname="ds.algo.testcases.TestTree" name="TestImplementationofBinaryTreesTryHere" time="4.860"/>
  <system-out/>
  <testcase classname="ds.algo.testcases.TestTree" name="TestTerminologiesTryHere" time="4.756"/>
  <system-out/>
  <testcase classname="ds.algo.testcases.TestTree" name="TestBinaryTrees" time="5.061"/>
  <system-out/>
  <testcase classname="ds.algo.testcases.TestTree" name="TestTraversal" time="4.301"/>
  <system-out/>
  <testcase classname="ds.algo.testcases.TestTree" name="TestPracticeQuestions" time="4.190"/>
  <system-out/>
  <testcase classname="ds.algo.testcases.TestTree" name="TestTerminologies" time="4.446"/>
  <system-out/>
  <testcase classname="ds.algo.testcases.TestTree" name="TestImplementationinPythonTryHere" time="4.647"/>
  <system-out/>
  <testcase classname="ds.algo.testcases.TestTree" name="TestBinaryTreeTraversalsTryHere" time="5.223"/>
  <system-out/>
  <testcase classname="ds.algo.testcases.TestTree" name="TestImplementationinPython" time="4.367"/>
  <system-out/>
  <testcase classname="ds.algo.testcases.TestTree" name="TestTraversalsIllustration" time="4.673"/>
  <system-out/>
  <testcase classname="ds.algo.testcases.TestTree" name="TestTypesOfTreeTryHere" time="4.903"/>
  <system-out/>
</testsuite> <!-- ds.algo.testcases.TestTree -->
