<?xml version="1.0" encoding="UTF-8"?>
<!-- Generated by org.testng.reporters.JUnitReportReporter -->
<testsuite hostname="SurLenovo" failures="0" tests="6" name="ds.algo.testcases.TestSignIN" time="35.531" errors="0" timestamp="2022-09-13T23:26:44 PDT" skipped="0">
  <testcase classname="ds.algo.testcases.TestSignIN" name="InvalidUserPwd" time="5.913"/>
  <system-out/>
  <testcase classname="ds.algo.testcases.TestSignIN" name="EmptyUserPwd" time="5.355"/>
  <system-out/>
  <testcase classname="ds.algo.testcases.TestSignIN" name="InvalidUserName" time="5.357"/>
  <system-out/>
  <testcase classname="ds.algo.testcases.TestSignIN" name="PasswrdEmpty" time="5.715"/>
  <system-out/>
  <testcase classname="ds.algo.testcases.TestSignIN" name="SucessLogin" time="6.774"/>
  <system-out/>
  <testcase classname="ds.algo.testcases.TestSignIN" name="AllfieldEmpty" time="6.417"/>
  <system-out/>
</testsuite> <!-- ds.algo.testcases.TestSignIN -->
