<?xml version="1.0" encoding="UTF-8"?>
<!-- Generated by org.testng.reporters.JUnitReportReporter -->
<testsuite hostname="SurLenovo" failures="0" tests="6" name="ds.algo.testcases.Home" time="35.710" errors="0" timestamp="2022-09-13T23:42:03 PDT" skipped="0">
  <testcase classname="ds.algo.testcases.Home" name="TestDropDown" time="6.515"/>
  <system-out/>
  <testcase classname="ds.algo.testcases.Home" name="TestClickSignIn" time="5.008"/>
  <system-out/>
  <testcase classname="ds.algo.testcases.Home" name="TestClickDropDownArry" time="5.815"/>
  <system-out/>
  <testcase classname="ds.algo.testcases.Home" name="TesthomeTitle" time="8.440"/>
  <system-out/>
  <testcase classname="ds.algo.testcases.Home" name="TestClickRegister" time="3.968"/>
  <system-out/>
  <testcase classname="ds.algo.testcases.Home" name="TestDataStructureGetStarted" time="5.964"/>
  <system-out/>
</testsuite> <!-- ds.algo.testcases.Home -->
