<?xml version="1.0" encoding="UTF-8"?>
<!-- Generated by org.testng.reporters.JUnitReportReporter -->
<testsuite hostname="SurLenovo" failures="0" tests="6" name="ds.algo.testcases.TestRegister" time="28.931" errors="0" timestamp="2022-09-16T12:44:28 PDT" skipped="0">
  <testcase classname="ds.algo.testcases.TestRegister" name="TestwrongPasswordConfirm" time="4.398"/>
  <system-out/>
  <testcase classname="ds.algo.testcases.TestRegister" name="TestwrongPasswordConfirm" time="6.165"/>
  <system-out/>
  <testcase classname="ds.algo.testcases.TestRegister" name="TestwrongPasswordConfirm" time="5.083"/>
  <system-out/>
  <testcase classname="ds.algo.testcases.TestRegister" name="TestwrongPasswordConfirm" time="4.378"/>
  <system-out/>
  <testcase classname="ds.algo.testcases.TestRegister" name="TestwrongPasswordConfirm" time="4.620"/>
  <system-out/>
  <testcase classname="ds.algo.testcases.TestRegister" name="TestwrongPasswordConfirm" time="4.287"/>
  <system-out/>
</testsuite> <!-- ds.algo.testcases.TestRegister -->
